#
# A fatal error has been detected by the Java Runtime Environment:
#
#  EXCEPTION_ACCESS_VIOLATION (0xc0000005) at pc=0x00007ffd424a3383, pid=9332, tid=13904
#
# JRE version: Java(TM) SE Runtime Environment (11.0.1+13) (build 11.0.1+13-LTS)
# Java VM: Java HotSpot(TM) 64-Bit Server VM (11.0.1+13-LTS, mixed mode, tiered, compressed oops, g1 gc, windows-amd64)
# Problematic frame:
# V  [jvm.dll+0x343383]
#
# No core dump will be written. Minidumps are not enabled by default on client versions of Windows
#
# If you would like to submit a bug report, please visit:
#   http://bugreport.java.com/bugreport/crash.jsp
#

---------------  S U M M A R Y ------------

Command Line: -agentlib:jdwp=transport=dt_socket,address=127.0.0.1:54808,suspend=y,server=n -javaagent:C:\Users\singh\.IdeaIC2018.2\system\captureAgent\debugger-agent.jar=file:/C:/Users/singh/AppData/Local/Temp/capture.props -Dfile.encoding=UTF-8 blist

Host: Intel(R) Core(TM) i7-8550U CPU @ 1.80GHz, 8 cores, 7G,  Windows 10 , 64 bit Build 17134 (10.0.17134.1)
Time: Sat Dec 15 14:11:31 2018 Pacific Standard Time elapsed time: 347 seconds (0d 0h 5m 47s)

---------------  T H R E A D  ---------------

Current thread (0x00000227ce5f3800):  VMThread "VM Thread" [stack: 0x00000086db300000,0x00000086db400000] [id=13904]

Stack: [0x00000086db300000,0x00000086db400000],  sp=0x00000086db3ff260,  free space=1020k
Native frames: (J=compiled Java code, j=interpreted, Vv=VM code, C=native code)
V  [jvm.dll+0x343383]
V  [jvm.dll+0x3475cc]
V  [jvm.dll+0x347aaa]
V  [jvm.dll+0x343652]
V  [jvm.dll+0x62b355]
V  [jvm.dll+0x62b0dd]
V  [jvm.dll+0x5f0b9a]
V  [jvm.dll+0x503ec7]
V  [jvm.dll+0x78178c]
V  [jvm.dll+0x77fc47]
V  [jvm.dll+0x780470]
V  [jvm.dll+0x78077f]
V  [jvm.dll+0x63b2b2]
C  [ucrtbase.dll+0x1c4ce]
C  [KERNEL32.DLL+0x13034]
C  [ntdll.dll+0x73691]


siginfo: EXCEPTION_ACCESS_VIOLATION (0xc0000005), reading address 0xffffffffffffffff


Register to memory mapping:

RIP=0x00007ffd424a3383 jvm.dll
RAX=0x00000227ce5aadd0 points into unknown readable memory
RBX=0x00000086db3ff430 points into unknown readable memory
RCX=0x00000086db3ff4a0 points into unknown readable memory
RDX=0xffffffffffffcb76 is an unknown value
RSP=0x00000086db3ff260 points into unknown readable memory
RBP=0x00007ffd424a3360 jvm.dll
RSI=0x0 is NULL
RDI=0x00000000000000a7 is an unknown value
R8 =0x03ffffffffffff2d is an unknown value
R9 =0x0000000000000036 is an unknown value
R10=0x0000000100090040 is pointing into metadata
R11={method} {0x00000227cebdb800} 'main' '([Ljava/lang/String;)V' in 'blist'
R12=0x0000000000000001 is an unknown value
R13=0x00007ffd42160000 jvm.dll
R14=0x00000227cebdb76b is pointing into metadata
R15=0x000000000000009b is an unknown value


Registers:
RAX=0x00000227ce5aadd0, RBX=0x00000086db3ff430, RCX=0x00000086db3ff4a0, RDX=0xffffffffffffcb76
RSP=0x00000086db3ff260, RBP=0x00007ffd424a3360, RSI=0x0000000000000000, RDI=0x00000000000000a7
R8 =0x03ffffffffffff2d, R9 =0x0000000000000036, R10=0x0000000100090040, R11=0x00000227cebdb7f8
R12=0x0000000000000001, R13=0x00007ffd42160000, R14=0x00000227cebdb76b, R15=0x000000000000009b
RIP=0x00007ffd424a3383, EFLAGS=0x0000000000010a07

Top of Stack: (sp=0x00000086db3ff260)
0x00000086db3ff260:   0000000000000030 00000086db3ff290
0x00000086db3ff270:   00007ffd429af778 0000000000000030
0x00000086db3ff280:   00000086db3ff430 00007ffd424a75cc
0x00000086db3ff290:   00000086db3ff430 0000000000000003
0x00000086db3ff2a0:   0000000000000000 00007ffd4228a2be
0x00000086db3ff2b0:   00000086db3ff300 00000227ce5f3800
0x00000086db3ff2c0:   00000227ce5ab108 00000227cebdb76b
0x00000086db3ff2d0:   00000000000000a7 00007ffd424a7aaa
0x00000086db3ff2e0:   00000086db3ff430 000000000000009b
0x00000086db3ff2f0:   00000000000000a7 00000086db3ff8e8
0x00000086db3ff300:   00000227cebdb7f8 00000227ce5f3800
0x00000086db3ff310:   0000009e0000009b 000000a7000000a9
0x00000086db3ff320:   000000a900000000 ffffffff000000a7
0x00000086db3ff330:   00000227ce5ab108 0000000000000000
0x00000086db3ff340:   00007ffd42c08a40 00000000000003d8
0x00000086db3ff350:   00000227ce5aad80 00007ffd424a3652 

Instructions: (pc=0x00007ffd424a3383)
0x00007ffd424a3363:   83 ec 20 48 63 d2 48 8b d9 0f b6 c2 48 83 c1 70
0x00007ffd424a3373:   24 3f 4c 8b c2 44 0f b6 c8 49 c1 e8 06 48 8b 01
0x00007ffd424a3383:   4e 8b 04 c0 4d 0f a3 c8 72 0b 41 b0 01 e8 9b 5f
0x00007ffd424a3393:   dd ff ff 43 6c 48 83 c4 20 5b c3 cc cc 8b c2 4c 


VM_Operation (0x00000086dbdff4e0): GetOrSetLocal, mode: safepoint, requested by thread 0x00000227cf1f2000


---------------  P R O C E S S  ---------------

Threads class SMR info:
_java_thread_list=0x00000227cf306fe0, length=13, elements={
0x00000227adb12800, 0x00000227ce618000, 0x00000227ce623000, 0x00000227cef83800,
0x00000227ce631000, 0x00000227ce632000, 0x00000227cef31000, 0x00000227cef33800,
0x00000227cf0ea000, 0x00000227cf1f2000, 0x00000227cf1be000, 0x00000227cf1bf000,
0x00000227cf245800
}

Java Threads: ( => current thread )
  0x00000227adb12800 JavaThread "main" [_thread_blocked, id=19788, stack(0x00000086dad00000,0x00000086dae00000)]
  0x00000227ce618000 JavaThread "Reference Handler" daemon [_thread_blocked, id=16268, stack(0x00000086db400000,0x00000086db500000)]
  0x00000227ce623000 JavaThread "Finalizer" daemon [_thread_blocked, id=22280, stack(0x00000086db500000,0x00000086db600000)]
  0x00000227cef83800 JavaThread "Signal Dispatcher" daemon [_thread_blocked, id=7728, stack(0x00000086db600000,0x00000086db700000)]
  0x00000227ce631000 JavaThread "Attach Listener" daemon [_thread_blocked, id=23892, stack(0x00000086db700000,0x00000086db800000)]
  0x00000227ce632000 JavaThread "C2 CompilerThread0" daemon [_thread_blocked, id=16736, stack(0x00000086db800000,0x00000086db900000)]
  0x00000227cef31000 JavaThread "C1 CompilerThread0" daemon [_thread_blocked, id=1800, stack(0x00000086db900000,0x00000086dba00000)]
  0x00000227cef33800 JavaThread "Sweeper thread" daemon [_thread_blocked, id=20756, stack(0x00000086dba00000,0x00000086dbb00000)]
  0x00000227cf0ea000 JavaThread "Common-Cleaner" daemon [_thread_blocked, id=12824, stack(0x00000086dbb00000,0x00000086dbc00000)]
  0x00000227cf1f2000 JavaThread "JDWP Transport Listener: dt_socket" daemon [_thread_blocked, id=20528, stack(0x00000086dbd00000,0x00000086dbe00000)] _threads_hazard_ptr=0x00000227cf306fe0
  0x00000227cf1be000 JavaThread "JDWP Event Helper Thread" daemon [_thread_blocked, id=21240, stack(0x00000086dbe00000,0x00000086dbf00000)]
  0x00000227cf1bf000 JavaThread "JDWP Command Reader" daemon [_thread_in_native, id=10664, stack(0x00000086dbf00000,0x00000086dc000000)]
  0x00000227cf245800 JavaThread "Service Thread" daemon [_thread_blocked, id=19876, stack(0x00000086dc000000,0x00000086dc100000)]

Other Threads:
=>0x00000227ce5f3800 VMThread "VM Thread" [stack: 0x00000086db300000,0x00000086db400000] [id=13904]
  0x00000227cf1eb000 WatcherThread [stack: 0x00000086dc100000,0x00000086dc200000] [id=19364]
  0x00000227adb2c800 GCTaskThread "GC Thread#0" [stack: 0x00000086dae00000,0x00000086daf00000] [id=12028]
  0x00000227adb5e000 ConcurrentGCThread "G1 Main Marker" [stack: 0x00000086daf00000,0x00000086db000000] [id=19116]
  0x00000227adb5f000 ConcurrentGCThread "G1 Conc#0" [stack: 0x00000086db000000,0x00000086db100000] [id=10672]
  0x00000227ce456800 ConcurrentGCThread "G1 Refine#0" [stack: 0x00000086db100000,0x00000086db200000] [id=17756]
  0x00000227ce459800 ConcurrentGCThread "G1 Young RemSet Sampling" [stack: 0x00000086db200000,0x00000086db300000] [id=24952]

Threads with active compile tasks:

VM state:at safepoint (normal execution)

VM Mutex/Monitor currently owned by a thread:  ([mutex/lock_event])
[0x00000227adb10ec0] Threads_lock - owner thread: 0x00000227ce5f3800

Heap address: 0x0000000082800000, size: 2008 MB, Compressed Oops mode: 32-bit
Narrow klass base: 0x0000000000000000, Narrow klass shift: 3
Compressed class space size: 1073741824 Address: 0x0000000100000000

Heap:
 garbage-first heap   total 129024K, used 3072K [0x0000000082800000, 0x0000000100000000)
  region size 1024K, 4 young (4096K), 0 survivors (0K)
 Metaspace       used 7505K, capacity 7651K, committed 7936K, reserved 1056768K
  class space    used 665K, capacity 717K, committed 768K, reserved 1048576K
Heap Regions: E=young(eden), S=young(survivor), O=old, HS=humongous(starts), HC=humongous(continues), CS=collection set, F=free, A=archive, TAMS=top-at-mark-start (previous, next)
|   0|0x0000000082800000, 0x0000000082800000, 0x0000000082900000|  0%| F|  |TAMS 0x0000000082800000, 0x0000000082800000| Untracked 
|   1|0x0000000082900000, 0x0000000082900000, 0x0000000082a00000|  0%| F|  |TAMS 0x0000000082900000, 0x0000000082900000| Untracked 
|   2|0x0000000082a00000, 0x0000000082a00000, 0x0000000082b00000|  0%| F|  |TAMS 0x0000000082a00000, 0x0000000082a00000| Untracked 
|   3|0x0000000082b00000, 0x0000000082b00000, 0x0000000082c00000|  0%| F|  |TAMS 0x0000000082b00000, 0x0000000082b00000| Untracked 
|   4|0x0000000082c00000, 0x0000000082c00000, 0x0000000082d00000|  0%| F|  |TAMS 0x0000000082c00000, 0x0000000082c00000| Untracked 
|   5|0x0000000082d00000, 0x0000000082d00000, 0x0000000082e00000|  0%| F|  |TAMS 0x0000000082d00000, 0x0000000082d00000| Untracked 
|   6|0x0000000082e00000, 0x0000000082e00000, 0x0000000082f00000|  0%| F|  |TAMS 0x0000000082e00000, 0x0000000082e00000| Untracked 
|   7|0x0000000082f00000, 0x0000000082f00000, 0x0000000083000000|  0%| F|  |TAMS 0x0000000082f00000, 0x0000000082f00000| Untracked 
|   8|0x0000000083000000, 0x0000000083000000, 0x0000000083100000|  0%| F|  |TAMS 0x0000000083000000, 0x0000000083000000| Untracked 
|   9|0x0000000083100000, 0x0000000083100000, 0x0000000083200000|  0%| F|  |TAMS 0x0000000083100000, 0x0000000083100000| Untracked 
|  10|0x0000000083200000, 0x0000000083200000, 0x0000000083300000|  0%| F|  |TAMS 0x0000000083200000, 0x0000000083200000| Untracked 
|  11|0x0000000083300000, 0x0000000083300000, 0x0000000083400000|  0%| F|  |TAMS 0x0000000083300000, 0x0000000083300000| Untracked 
|  12|0x0000000083400000, 0x0000000083400000, 0x0000000083500000|  0%| F|  |TAMS 0x0000000083400000, 0x0000000083400000| Untracked 
|  13|0x0000000083500000, 0x0000000083500000, 0x0000000083600000|  0%| F|  |TAMS 0x0000000083500000, 0x0000000083500000| Untracked 
|  14|0x0000000083600000, 0x0000000083600000, 0x0000000083700000|  0%| F|  |TAMS 0x0000000083600000, 0x0000000083600000| Untracked 
|  15|0x0000000083700000, 0x0000000083700000, 0x0000000083800000|  0%| F|  |TAMS 0x0000000083700000, 0x0000000083700000| Untracked 
|  16|0x0000000083800000, 0x0000000083800000, 0x0000000083900000|  0%| F|  |TAMS 0x0000000083800000, 0x0000000083800000| Untracked 
|  17|0x0000000083900000, 0x0000000083900000, 0x0000000083a00000|  0%| F|  |TAMS 0x0000000083900000, 0x0000000083900000| Untracked 
|  18|0x0000000083a00000, 0x0000000083a00000, 0x0000000083b00000|  0%| F|  |TAMS 0x0000000083a00000, 0x0000000083a00000| Untracked 
|  19|0x0000000083b00000, 0x0000000083b00000, 0x0000000083c00000|  0%| F|  |TAMS 0x0000000083b00000, 0x0000000083b00000| Untracked 
|  20|0x0000000083c00000, 0x0000000083c00000, 0x0000000083d00000|  0%| F|  |TAMS 0x0000000083c00000, 0x0000000083c00000| Untracked 
|  21|0x0000000083d00000, 0x0000000083d00000, 0x0000000083e00000|  0%| F|  |TAMS 0x0000000083d00000, 0x0000000083d00000| Untracked 
|  22|0x0000000083e00000, 0x0000000083e00000, 0x0000000083f00000|  0%| F|  |TAMS 0x0000000083e00000, 0x0000000083e00000| Untracked 
|  23|0x0000000083f00000, 0x0000000083f00000, 0x0000000084000000|  0%| F|  |TAMS 0x0000000083f00000, 0x0000000083f00000| Untracked 
|  24|0x0000000084000000, 0x0000000084000000, 0x0000000084100000|  0%| F|  |TAMS 0x0000000084000000, 0x0000000084000000| Untracked 
|  25|0x0000000084100000, 0x0000000084100000, 0x0000000084200000|  0%| F|  |TAMS 0x0000000084100000, 0x0000000084100000| Untracked 
|  26|0x0000000084200000, 0x0000000084200000, 0x0000000084300000|  0%| F|  |TAMS 0x0000000084200000, 0x0000000084200000| Untracked 
|  27|0x0000000084300000, 0x0000000084300000, 0x0000000084400000|  0%| F|  |TAMS 0x0000000084300000, 0x0000000084300000| Untracked 
|  28|0x0000000084400000, 0x0000000084400000, 0x0000000084500000|  0%| F|  |TAMS 0x0000000084400000, 0x0000000084400000| Untracked 
|  29|0x0000000084500000, 0x0000000084500000, 0x0000000084600000|  0%| F|  |TAMS 0x0000000084500000, 0x0000000084500000| Untracked 
|  30|0x0000000084600000, 0x0000000084600000, 0x0000000084700000|  0%| F|  |TAMS 0x0000000084600000, 0x0000000084600000| Untracked 
|  31|0x0000000084700000, 0x0000000084700000, 0x0000000084800000|  0%| F|  |TAMS 0x0000000084700000, 0x0000000084700000| Untracked 
|  32|0x0000000084800000, 0x0000000084800000, 0x0000000084900000|  0%| F|  |TAMS 0x0000000084800000, 0x0000000084800000| Untracked 
|  33|0x0000000084900000, 0x0000000084900000, 0x0000000084a00000|  0%| F|  |TAMS 0x0000000084900000, 0x0000000084900000| Untracked 
|  34|0x0000000084a00000, 0x0000000084a00000, 0x0000000084b00000|  0%| F|  |TAMS 0x0000000084a00000, 0x0000000084a00000| Untracked 
|  35|0x0000000084b00000, 0x0000000084b00000, 0x0000000084c00000|  0%| F|  |TAMS 0x0000000084b00000, 0x0000000084b00000| Untracked 
|  36|0x0000000084c00000, 0x0000000084c00000, 0x0000000084d00000|  0%| F|  |TAMS 0x0000000084c00000, 0x0000000084c00000| Untracked 
|  37|0x0000000084d00000, 0x0000000084d00000, 0x0000000084e00000|  0%| F|  |TAMS 0x0000000084d00000, 0x0000000084d00000| Untracked 
|  38|0x0000000084e00000, 0x0000000084e00000, 0x0000000084f00000|  0%| F|  |TAMS 0x0000000084e00000, 0x0000000084e00000| Untracked 
|  39|0x0000000084f00000, 0x0000000084f00000, 0x0000000085000000|  0%| F|  |TAMS 0x0000000084f00000, 0x0000000084f00000| Untracked 
|  40|0x0000000085000000, 0x0000000085000000, 0x0000000085100000|  0%| F|  |TAMS 0x0000000085000000, 0x0000000085000000| Untracked 
|  41|0x0000000085100000, 0x0000000085100000, 0x0000000085200000|  0%| F|  |TAMS 0x0000000085100000, 0x0000000085100000| Untracked 
|  42|0x0000000085200000, 0x0000000085200000, 0x0000000085300000|  0%| F|  |TAMS 0x0000000085200000, 0x0000000085200000| Untracked 
|  43|0x0000000085300000, 0x0000000085300000, 0x0000000085400000|  0%| F|  |TAMS 0x0000000085300000, 0x0000000085300000| Untracked 
|  44|0x0000000085400000, 0x0000000085400000, 0x0000000085500000|  0%| F|  |TAMS 0x0000000085400000, 0x0000000085400000| Untracked 
|  45|0x0000000085500000, 0x0000000085500000, 0x0000000085600000|  0%| F|  |TAMS 0x0000000085500000, 0x0000000085500000| Untracked 
|  46|0x0000000085600000, 0x0000000085600000, 0x0000000085700000|  0%| F|  |TAMS 0x0000000085600000, 0x0000000085600000| Untracked 
|  47|0x0000000085700000, 0x0000000085700000, 0x0000000085800000|  0%| F|  |TAMS 0x0000000085700000, 0x0000000085700000| Untracked 
|  48|0x0000000085800000, 0x0000000085800000, 0x0000000085900000|  0%| F|  |TAMS 0x0000000085800000, 0x0000000085800000| Untracked 
|  49|0x0000000085900000, 0x0000000085900000, 0x0000000085a00000|  0%| F|  |TAMS 0x0000000085900000, 0x0000000085900000| Untracked 
|  50|0x0000000085a00000, 0x0000000085a00000, 0x0000000085b00000|  0%| F|  |TAMS 0x0000000085a00000, 0x0000000085a00000| Untracked 
|  51|0x0000000085b00000, 0x0000000085b00000, 0x0000000085c00000|  0%| F|  |TAMS 0x0000000085b00000, 0x0000000085b00000| Untracked 
|  52|0x0000000085c00000, 0x0000000085c00000, 0x0000000085d00000|  0%| F|  |TAMS 0x0000000085c00000, 0x0000000085c00000| Untracked 
|  53|0x0000000085d00000, 0x0000000085d00000, 0x0000000085e00000|  0%| F|  |TAMS 0x0000000085d00000, 0x0000000085d00000| Untracked 
|  54|0x0000000085e00000, 0x0000000085e00000, 0x0000000085f00000|  0%| F|  |TAMS 0x0000000085e00000, 0x0000000085e00000| Untracked 
|  55|0x0000000085f00000, 0x0000000085f00000, 0x0000000086000000|  0%| F|  |TAMS 0x0000000085f00000, 0x0000000085f00000| Untracked 
|  56|0x0000000086000000, 0x0000000086000000, 0x0000000086100000|  0%| F|  |TAMS 0x0000000086000000, 0x0000000086000000| Untracked 
|  57|0x0000000086100000, 0x0000000086100000, 0x0000000086200000|  0%| F|  |TAMS 0x0000000086100000, 0x0000000086100000| Untracked 
|  58|0x0000000086200000, 0x0000000086200000, 0x0000000086300000|  0%| F|  |TAMS 0x0000000086200000, 0x0000000086200000| Untracked 
|  59|0x0000000086300000, 0x0000000086300000, 0x0000000086400000|  0%| F|  |TAMS 0x0000000086300000, 0x0000000086300000| Untracked 
|  60|0x0000000086400000, 0x0000000086400000, 0x0000000086500000|  0%| F|  |TAMS 0x0000000086400000, 0x0000000086400000| Untracked 
|  61|0x0000000086500000, 0x0000000086500000, 0x0000000086600000|  0%| F|  |TAMS 0x0000000086500000, 0x0000000086500000| Untracked 
|  62|0x0000000086600000, 0x0000000086600000, 0x0000000086700000|  0%| F|  |TAMS 0x0000000086600000, 0x0000000086600000| Untracked 
|  63|0x0000000086700000, 0x0000000086700000, 0x0000000086800000|  0%| F|  |TAMS 0x0000000086700000, 0x0000000086700000| Untracked 
|  64|0x0000000086800000, 0x0000000086800000, 0x0000000086900000|  0%| F|  |TAMS 0x0000000086800000, 0x0000000086800000| Untracked 
|  65|0x0000000086900000, 0x0000000086900000, 0x0000000086a00000|  0%| F|  |TAMS 0x0000000086900000, 0x0000000086900000| Untracked 
|  66|0x0000000086a00000, 0x0000000086a00000, 0x0000000086b00000|  0%| F|  |TAMS 0x0000000086a00000, 0x0000000086a00000| Untracked 
|  67|0x0000000086b00000, 0x0000000086b00000, 0x0000000086c00000|  0%| F|  |TAMS 0x0000000086b00000, 0x0000000086b00000| Untracked 
|  68|0x0000000086c00000, 0x0000000086c00000, 0x0000000086d00000|  0%| F|  |TAMS 0x0000000086c00000, 0x0000000086c00000| Untracked 
|  69|0x0000000086d00000, 0x0000000086d00000, 0x0000000086e00000|  0%| F|  |TAMS 0x0000000086d00000, 0x0000000086d00000| Untracked 
|  70|0x0000000086e00000, 0x0000000086e00000, 0x0000000086f00000|  0%| F|  |TAMS 0x0000000086e00000, 0x0000000086e00000| Untracked 
|  71|0x0000000086f00000, 0x0000000086f00000, 0x0000000087000000|  0%| F|  |TAMS 0x0000000086f00000, 0x0000000086f00000| Untracked 
|  72|0x0000000087000000, 0x0000000087000000, 0x0000000087100000|  0%| F|  |TAMS 0x0000000087000000, 0x0000000087000000| Untracked 
|  73|0x0000000087100000, 0x0000000087100000, 0x0000000087200000|  0%| F|  |TAMS 0x0000000087100000, 0x0000000087100000| Untracked 
|  74|0x0000000087200000, 0x0000000087200000, 0x0000000087300000|  0%| F|  |TAMS 0x0000000087200000, 0x0000000087200000| Untracked 
|  75|0x0000000087300000, 0x0000000087300000, 0x0000000087400000|  0%| F|  |TAMS 0x0000000087300000, 0x0000000087300000| Untracked 
|  76|0x0000000087400000, 0x0000000087400000, 0x0000000087500000|  0%| F|  |TAMS 0x0000000087400000, 0x0000000087400000| Untracked 
|  77|0x0000000087500000, 0x0000000087500000, 0x0000000087600000|  0%| F|  |TAMS 0x0000000087500000, 0x0000000087500000| Untracked 
|  78|0x0000000087600000, 0x0000000087600000, 0x0000000087700000|  0%| F|  |TAMS 0x0000000087600000, 0x0000000087600000| Untracked 
|  79|0x0000000087700000, 0x0000000087700000, 0x0000000087800000|  0%| F|  |TAMS 0x0000000087700000, 0x0000000087700000| Untracked 
|  80|0x0000000087800000, 0x0000000087800000, 0x0000000087900000|  0%| F|  |TAMS 0x0000000087800000, 0x0000000087800000| Untracked 
|  81|0x0000000087900000, 0x0000000087900000, 0x0000000087a00000|  0%| F|  |TAMS 0x0000000087900000, 0x0000000087900000| Untracked 
|  82|0x0000000087a00000, 0x0000000087a00000, 0x0000000087b00000|  0%| F|  |TAMS 0x0000000087a00000, 0x0000000087a00000| Untracked 
|  83|0x0000000087b00000, 0x0000000087b00000, 0x0000000087c00000|  0%| F|  |TAMS 0x0000000087b00000, 0x0000000087b00000| Untracked 
|  84|0x0000000087c00000, 0x0000000087c00000, 0x0000000087d00000|  0%| F|  |TAMS 0x0000000087c00000, 0x0000000087c00000| Untracked 
|  85|0x0000000087d00000, 0x0000000087d00000, 0x0000000087e00000|  0%| F|  |TAMS 0x0000000087d00000, 0x0000000087d00000| Untracked 
|  86|0x0000000087e00000, 0x0000000087e00000, 0x0000000087f00000|  0%| F|  |TAMS 0x0000000087e00000, 0x0000000087e00000| Untracked 
|  87|0x0000000087f00000, 0x0000000087f00000, 0x0000000088000000|  0%| F|  |TAMS 0x0000000087f00000, 0x0000000087f00000| Untracked 
|  88|0x0000000088000000, 0x0000000088000000, 0x0000000088100000|  0%| F|  |TAMS 0x0000000088000000, 0x0000000088000000| Untracked 
|  89|0x0000000088100000, 0x0000000088100000, 0x0000000088200000|  0%| F|  |TAMS 0x0000000088100000, 0x0000000088100000| Untracked 
|  90|0x0000000088200000, 0x0000000088200000, 0x0000000088300000|  0%| F|  |TAMS 0x0000000088200000, 0x0000000088200000| Untracked 
|  91|0x0000000088300000, 0x0000000088300000, 0x0000000088400000|  0%| F|  |TAMS 0x0000000088300000, 0x0000000088300000| Untracked 
|  92|0x0000000088400000, 0x0000000088400000, 0x0000000088500000|  0%| F|  |TAMS 0x0000000088400000, 0x0000000088400000| Untracked 
|  93|0x0000000088500000, 0x0000000088500000, 0x0000000088600000|  0%| F|  |TAMS 0x0000000088500000, 0x0000000088500000| Untracked 
|  94|0x0000000088600000, 0x0000000088600000, 0x0000000088700000|  0%| F|  |TAMS 0x0000000088600000, 0x0000000088600000| Untracked 
|  95|0x0000000088700000, 0x0000000088700000, 0x0000000088800000|  0%| F|  |TAMS 0x0000000088700000, 0x0000000088700000| Untracked 
|  96|0x0000000088800000, 0x0000000088800000, 0x0000000088900000|  0%| F|  |TAMS 0x0000000088800000, 0x0000000088800000| Untracked 
|  97|0x0000000088900000, 0x0000000088900000, 0x0000000088a00000|  0%| F|  |TAMS 0x0000000088900000, 0x0000000088900000| Untracked 
|  98|0x0000000088a00000, 0x0000000088a00000, 0x0000000088b00000|  0%| F|  |TAMS 0x0000000088a00000, 0x0000000088a00000| Untracked 
|  99|0x0000000088b00000, 0x0000000088b00000, 0x0000000088c00000|  0%| F|  |TAMS 0x0000000088b00000, 0x0000000088b00000| Untracked 
| 100|0x0000000088c00000, 0x0000000088c00000, 0x0000000088d00000|  0%| F|  |TAMS 0x0000000088c00000, 0x0000000088c00000| Untracked 
| 101|0x0000000088d00000, 0x0000000088d00000, 0x0000000088e00000|  0%| F|  |TAMS 0x0000000088d00000, 0x0000000088d00000| Untracked 
| 102|0x0000000088e00000, 0x0000000088e00000, 0x0000000088f00000|  0%| F|  |TAMS 0x0000000088e00000, 0x0000000088e00000| Untracked 
| 103|0x0000000088f00000, 0x0000000088f00000, 0x0000000089000000|  0%| F|  |TAMS 0x0000000088f00000, 0x0000000088f00000| Untracked 
| 104|0x0000000089000000, 0x0000000089000000, 0x0000000089100000|  0%| F|  |TAMS 0x0000000089000000, 0x0000000089000000| Untracked 
| 105|0x0000000089100000, 0x0000000089100000, 0x0000000089200000|  0%| F|  |TAMS 0x0000000089100000, 0x0000000089100000| Untracked 
| 106|0x0000000089200000, 0x0000000089200000, 0x0000000089300000|  0%| F|  |TAMS 0x0000000089200000, 0x0000000089200000| Untracked 
| 107|0x0000000089300000, 0x0000000089300000, 0x0000000089400000|  0%| F|  |TAMS 0x0000000089300000, 0x0000000089300000| Untracked 
| 108|0x0000000089400000, 0x0000000089400000, 0x0000000089500000|  0%| F|  |TAMS 0x0000000089400000, 0x0000000089400000| Untracked 
| 109|0x0000000089500000, 0x0000000089500000, 0x0000000089600000|  0%| F|  |TAMS 0x0000000089500000, 0x0000000089500000| Untracked 
| 110|0x0000000089600000, 0x0000000089600000, 0x0000000089700000|  0%| F|  |TAMS 0x0000000089600000, 0x0000000089600000| Untracked 
| 111|0x0000000089700000, 0x0000000089700000, 0x0000000089800000|  0%| F|  |TAMS 0x0000000089700000, 0x0000000089700000| Untracked 
| 112|0x0000000089800000, 0x0000000089800000, 0x0000000089900000|  0%| F|  |TAMS 0x0000000089800000, 0x0000000089800000| Untracked 
| 113|0x0000000089900000, 0x0000000089900000, 0x0000000089a00000|  0%| F|  |TAMS 0x0000000089900000, 0x0000000089900000| Untracked 
| 114|0x0000000089a00000, 0x0000000089a00000, 0x0000000089b00000|  0%| F|  |TAMS 0x0000000089a00000, 0x0000000089a00000| Untracked 
| 115|0x0000000089b00000, 0x0000000089b00000, 0x0000000089c00000|  0%| F|  |TAMS 0x0000000089b00000, 0x0000000089b00000| Untracked 
| 116|0x0000000089c00000, 0x0000000089c00000, 0x0000000089d00000|  0%| F|  |TAMS 0x0000000089c00000, 0x0000000089c00000| Untracked 
| 117|0x0000000089d00000, 0x0000000089d00000, 0x0000000089e00000|  0%| F|  |TAMS 0x0000000089d00000, 0x0000000089d00000| Untracked 
| 118|0x0000000089e00000, 0x0000000089e00000, 0x0000000089f00000|  0%| F|  |TAMS 0x0000000089e00000, 0x0000000089e00000| Untracked 
| 119|0x0000000089f00000, 0x0000000089f00000, 0x000000008a000000|  0%| F|  |TAMS 0x0000000089f00000, 0x0000000089f00000| Untracked 
| 120|0x000000008a000000, 0x000000008a000000, 0x000000008a100000|  0%| F|  |TAMS 0x000000008a000000, 0x000000008a000000| Untracked 
| 121|0x000000008a100000, 0x000000008a100000, 0x000000008a200000|  0%| F|  |TAMS 0x000000008a100000, 0x000000008a100000| Untracked 
| 122|0x000000008a200000, 0x000000008a2f88f8, 0x000000008a300000| 97%| E|  |TAMS 0x000000008a200000, 0x000000008a200000| Complete 
| 123|0x000000008a300000, 0x000000008a400000, 0x000000008a400000|100%| E|CS|TAMS 0x000000008a300000, 0x000000008a300000| Complete 
| 124|0x000000008a400000, 0x000000008a500000, 0x000000008a500000|100%| E|CS|TAMS 0x000000008a400000, 0x000000008a400000| Complete 
| 125|0x000000008a500000, 0x000000008a600000, 0x000000008a600000|100%| E|CS|TAMS 0x000000008a500000, 0x000000008a500000| Complete 

Card table byte_map: [0x00000227c7480000,0x00000227c7870000] _byte_map_base: 0x00000227c706c000

Marking Bits (Prev, Next): (CMBitMap*) 0x00000227adb552a8, (CMBitMap*) 0x00000227adb552e0
 Prev Bits: [0x00000227c7c60000, 0x00000227c9bc0000)
 Next Bits: [0x00000227c9bc0000, 0x00000227cbb20000)

Polling page: 0x00000227adbf0000

Metaspace:

Usage:
  Non-class:      6.77 MB capacity,     6.68 MB ( 99%) used,    87.60 KB (  1%) free+waste,     6.44 KB ( <1%) overhead. 
      Class:    717.00 KB capacity,   665.11 KB ( 93%) used,    49.02 KB (  7%) free+waste,     2.88 KB ( <1%) overhead. 
       Both:      7.47 MB capacity,     7.33 MB ( 98%) used,   136.62 KB (  2%) free+waste,     9.31 KB ( <1%) overhead. 

Virtual space:
  Non-class space:        8.00 MB reserved,       7.00 MB ( 88%) committed 
      Class space:        1.00 GB reserved,     768.00 KB ( <1%) committed 
             Both:        1.01 GB reserved,       7.75 MB ( <1%) committed 

Chunk freelists:
   Non-Class:  5.25 KB
       Class:  2.38 KB
        Both:  7.63 KB

CodeHeap 'non-profiled nmethods': size=120000Kb used=87Kb max_used=87Kb free=119912Kb
 bounds [0x00000227bf100000, 0x00000227bf370000, 0x00000227c6630000]
CodeHeap 'profiled nmethods': size=120000Kb used=348Kb max_used=348Kb free=119651Kb
 bounds [0x00000227b7bd0000, 0x00000227b7e40000, 0x00000227bf100000]
CodeHeap 'non-nmethods': size=5760Kb used=1143Kb max_used=1153Kb free=4616Kb
 bounds [0x00000227b7630000, 0x00000227b78a0000, 0x00000227b7bd0000]
 total_blobs=709 nmethods=280 adapters=270
 compilation: enabled
              stopped_count=0, restarted_count=0
 full_count=0

Compilation events (10 events):
Event: 0.286 Thread 0x00000227cef31000  275       1       java.util.ArrayList::size (5 bytes)
Event: 0.286 Thread 0x00000227cef31000 nmethod 275 0x00000227bf115410 code [0x00000227bf1155c0, 0x00000227bf1156d8]
Event: 0.287 Thread 0x00000227cef31000  277       1       java.nio.Buffer::position (5 bytes)
Event: 0.288 Thread 0x00000227cef31000 nmethod 277 0x00000227bf115790 code [0x00000227bf115940, 0x00000227bf115a58]
Event: 0.288 Thread 0x00000227cef31000  278       3       java.lang.Math::max (11 bytes)
Event: 0.288 Thread 0x00000227cef31000 nmethod 278 0x00000227b7c26990 code [0x00000227b7c26b40, 0x00000227b7c26cd8]
Event: 0.288 Thread 0x00000227cef31000  279       1       java.nio.Buffer::limit (5 bytes)
Event: 0.288 Thread 0x00000227cef31000 nmethod 279 0x00000227bf115b10 code [0x00000227bf115cc0, 0x00000227bf115dd8]
Event: 0.334 Thread 0x00000227cef31000  280       3       java.lang.StringUTF16::putChar (54 bytes)
Event: 0.335 Thread 0x00000227cef31000 nmethod 280 0x00000227b7c26d90 code [0x00000227b7c26f40, 0x00000227b7c270f8]

GC Heap History (0 events):
No events

Deoptimization events (3 events):
Event: 0.190 Thread 0x00000227adb12800 Uncommon trap: reason=class_check action=maybe_recompile pc=0x00000227bf10eb0c method=java.util.HashMap.putVal(ILjava/lang/Object;Ljava/lang/Object;ZZ)Ljava/lang/Object; @ 152 c2
Event: 0.220 Thread 0x00000227adb12800 Uncommon trap: reason=class_check action=maybe_recompile pc=0x00000227bf10eb0c method=java.util.HashMap.putVal(ILjava/lang/Object;Ljava/lang/Object;ZZ)Ljava/lang/Object; @ 152 c2
Event: 0.241 Thread 0x00000227adb12800 Uncommon trap: reason=unstable_if action=reinterpret pc=0x00000227bf10f6f8 method=java.lang.String.isLatin1()Z @ 10 c2

Classes redefined (4 events):
Event: 334.595 Thread 0x00000227ce5f3800 redefined class name=blist$Segment, count=1
Event: 334.595 Thread 0x00000227ce5f3800 redefined class name=blist, count=1
Event: 347.641 Thread 0x00000227ce5f3800 redefined class name=blist$Segment, count=2
Event: 347.641 Thread 0x00000227ce5f3800 redefined class name=blist, count=2

Internal exceptions (1 events):
Event: 0.256 Thread 0x00000227adb12800 Exception <a 'java/lang/NoSuchMethodError'{0x000000008a388770}: java.lang.invoke.DirectMethodHandle$Holder.invokeSpecialIFC(Ljava/lang/Object;Ljava/lang/Object;I)I> (0x000000008a388770) thrown at [t:/workspace/open/src/hotspot/share/interpreter/linkResolv

Events (10 events):
Event: 347.642 Executing VM operation: GetFrameCount done
Event: 347.642 Executing VM operation: GetFrameCount
Event: 347.643 Executing VM operation: GetFrameCount done
Event: 347.643 Executing VM operation: GetStackTrace
Event: 347.643 Executing VM operation: GetStackTrace done
Event: 347.841 Executing VM operation: ChangeBreakpoints
Event: 347.841 Executing VM operation: ChangeBreakpoints done
Event: 347.861 Executing VM operation: ChangeBreakpoints
Event: 347.862 Executing VM operation: ChangeBreakpoints done
Event: 347.953 Executing VM operation: GetOrSetLocal


Dynamic libraries:
0x00007ff7fa240000 - 0x00007ff7fa287000 	C:\Program Files\Java\jdk-11.0.1\bin\java.exe
0x00007ffd94ef0000 - 0x00007ffd950d1000 	C:\WINDOWS\SYSTEM32\ntdll.dll
0x00007ffd94420000 - 0x00007ffd944d2000 	C:\WINDOWS\System32\KERNEL32.DLL
0x00007ffd91d60000 - 0x00007ffd91fd3000 	C:\WINDOWS\System32\KERNELBASE.dll
0x00007ffd94d20000 - 0x00007ffd94dc1000 	C:\WINDOWS\System32\ADVAPI32.dll
0x00007ffd92380000 - 0x00007ffd9241e000 	C:\WINDOWS\System32\msvcrt.dll
0x00007ffd94b20000 - 0x00007ffd94b7b000 	C:\WINDOWS\System32\sechost.dll
0x00007ffd942f0000 - 0x00007ffd94414000 	C:\WINDOWS\System32\RPCRT4.dll
0x00007ffd94160000 - 0x00007ffd942f0000 	C:\WINDOWS\System32\USER32.dll
0x00007ffd91d40000 - 0x00007ffd91d60000 	C:\WINDOWS\System32\win32u.dll
0x00007ffd94b80000 - 0x00007ffd94ba8000 	C:\WINDOWS\System32\GDI32.dll
0x00007ffd92080000 - 0x00007ffd92212000 	C:\WINDOWS\System32\gdi32full.dll
0x00007ffd91fe0000 - 0x00007ffd9207f000 	C:\WINDOWS\System32\msvcp_win.dll
0x00007ffd92220000 - 0x00007ffd9231a000 	C:\WINDOWS\System32\ucrtbase.dll
0x00007ffd7fd90000 - 0x00007ffd7fff9000 	C:\WINDOWS\WinSxS\amd64_microsoft.windows.common-controls_6595b64144ccf1df_6.0.17134.471_none_fb3e9aab3068fc16\COMCTL32.dll
0x00007ffd88c30000 - 0x00007ffd88c3a000 	C:\WINDOWS\SYSTEM32\VERSION.dll
0x00007ffd945e0000 - 0x00007ffd94902000 	C:\WINDOWS\System32\combase.dll
0x00007ffd91cc0000 - 0x00007ffd91d3a000 	C:\WINDOWS\System32\bcryptPrimitives.dll
0x00007ffd94910000 - 0x00007ffd9493d000 	C:\WINDOWS\System32\IMM32.DLL
0x00007ffd86a90000 - 0x00007ffd86aa6000 	C:\Program Files\Java\jdk-11.0.1\bin\vcruntime140.dll
0x00007ffd6aa10000 - 0x00007ffd6aaba000 	C:\Program Files\Java\jdk-11.0.1\bin\msvcp140.dll
0x00007ffd42160000 - 0x00007ffd42ca2000 	C:\Program Files\Java\jdk-11.0.1\bin\server\jvm.dll
0x00007ffd945d0000 - 0x00007ffd945d8000 	C:\WINDOWS\System32\PSAPI.DLL
0x00007ffd7c0b0000 - 0x00007ffd7c0b9000 	C:\WINDOWS\SYSTEM32\WSOCK32.dll
0x00007ffd879e0000 - 0x00007ffd87a03000 	C:\WINDOWS\SYSTEM32\WINMM.dll
0x00007ffd94cb0000 - 0x00007ffd94d1c000 	C:\WINDOWS\System32\WS2_32.dll
0x00007ffd86ab0000 - 0x00007ffd86ada000 	C:\WINDOWS\SYSTEM32\WINMMBASE.dll
0x00007ffd912c0000 - 0x00007ffd91309000 	C:\WINDOWS\System32\cfgmgr32.dll
0x00007ffd91260000 - 0x00007ffd91271000 	C:\WINDOWS\System32\kernel.appcore.dll
0x00007ffd86a20000 - 0x00007ffd86a31000 	C:\Program Files\Java\jdk-11.0.1\bin\verify.dll
0x00007ffd8fca0000 - 0x00007ffd8fe69000 	C:\WINDOWS\SYSTEM32\DBGHELP.DLL
0x00007ffd8b470000 - 0x00007ffd8b499000 	C:\WINDOWS\SYSTEM32\dbgcore.DLL
0x00007ffd867a0000 - 0x00007ffd867c9000 	C:\Program Files\Java\jdk-11.0.1\bin\java.dll
0x00007ffd7e9c0000 - 0x00007ffd7e9f7000 	C:\Program Files\Java\jdk-11.0.1\bin\jdwp.dll
0x00007ffd79630000 - 0x00007ffd7965f000 	C:\Program Files\Java\jdk-11.0.1\bin\instrument.dll
0x00007ffd7f170000 - 0x00007ffd7f186000 	C:\Program Files\Java\jdk-11.0.1\bin\zip.dll
0x00007ffd8beb0000 - 0x00007ffd8beba000 	C:\Program Files\Java\jdk-11.0.1\bin\jimage.dll
0x00007ffd92bd0000 - 0x00007ffd94010000 	C:\WINDOWS\System32\SHELL32.dll
0x00007ffd940b0000 - 0x00007ffd94159000 	C:\WINDOWS\System32\shcore.dll
0x00007ffd915b0000 - 0x00007ffd91cbd000 	C:\WINDOWS\System32\windows.storage.dll
0x00007ffd94bb0000 - 0x00007ffd94c01000 	C:\WINDOWS\System32\shlwapi.dll
0x00007ffd912a0000 - 0x00007ffd912bf000 	C:\WINDOWS\System32\profapi.dll
0x00007ffd91210000 - 0x00007ffd9125c000 	C:\WINDOWS\System32\powrprof.dll
0x00007ffd91200000 - 0x00007ffd9120a000 	C:\WINDOWS\System32\FLTLIB.DLL
0x00007ffd8be80000 - 0x00007ffd8be8a000 	C:\Program Files\Java\jdk-11.0.1\bin\dt_socket.dll
0x00007ffd90a80000 - 0x00007ffd90ae6000 	C:\WINDOWS\system32\mswsock.dll
0x00007ffd7e920000 - 0x00007ffd7e939000 	C:\Program Files\Java\jdk-11.0.1\bin\net.dll
0x00007ffd8bf70000 - 0x00007ffd8c04d000 	C:\WINDOWS\SYSTEM32\WINHTTP.dll
0x00007ffd7e7a0000 - 0x00007ffd7e7b3000 	C:\Program Files\Java\jdk-11.0.1\bin\nio.dll

dbghelp: loaded successfully - version: 4.0.5 - missing functions: none
symbol engine: initialized successfully - sym options: 0x614 - pdb path: .;C:\Program Files\Java\jdk-11.0.1\bin;C:\WINDOWS\SYSTEM32;C:\WINDOWS\WinSxS\amd64_microsoft.windows.common-controls_6595b64144ccf1df_6.0.17134.471_none_fb3e9aab3068fc16;C:\Program Files\Java\jdk-11.0.1\bin\server

VM Arguments:
jvm_args: -agentlib:jdwp=transport=dt_socket,address=127.0.0.1:54808,suspend=y,server=n -javaagent:C:\Users\singh\.IdeaIC2018.2\system\captureAgent\debugger-agent.jar=file:/C:/Users/singh/AppData/Local/Temp/capture.props -Dfile.encoding=UTF-8 
java_command: blist
java_class_path (initial): C:\Users\singh\IdeaProjects\USACO\out\production\USACO;C:\Program Files\JetBrains\IntelliJ IDEA Community Edition 2018.2.5\lib\idea_rt.jar
Launcher Type: SUN_STANDARD

[Global flags]
     intx CICompilerCount                          = 4                                         {product} {ergonomic}
     uint ConcGCThreads                            = 2                                         {product} {ergonomic}
     uint G1ConcRefinementThreads                  = 8                                         {product} {ergonomic}
   size_t G1HeapRegionSize                         = 1048576                                   {product} {ergonomic}
    uintx GCDrainStackTargetSize                   = 64                                        {product} {ergonomic}
   size_t InitialHeapSize                          = 132120576                                 {product} {ergonomic}
   size_t MarkStackSize                            = 4194304                                   {product} {ergonomic}
   size_t MaxHeapSize                              = 2105540608                                {product} {ergonomic}
   size_t MaxNewSize                               = 1262485504                                {product} {ergonomic}
   size_t MinHeapDeltaBytes                        = 1048576                                   {product} {ergonomic}
    uintx NonNMethodCodeHeapSize                   = 5835340                                {pd product} {ergonomic}
    uintx NonProfiledCodeHeapSize                  = 122911450                              {pd product} {ergonomic}
    uintx ProfiledCodeHeapSize                     = 122911450                              {pd product} {ergonomic}
    uintx ReservedCodeCacheSize                    = 251658240                              {pd product} {ergonomic}
     bool SegmentedCodeCache                       = true                                      {product} {ergonomic}
     bool UseCompressedClassPointers               = true                                 {lp64_product} {ergonomic}
     bool UseCompressedOops                        = true                                 {lp64_product} {ergonomic}
     bool UseG1GC                                  = true                                      {product} {ergonomic}
     bool UseLargePagesIndividualAllocation        = false                                  {pd product} {ergonomic}

Logging:
Log output configuration:
 #0: stdout all=warning uptime,level,tags
 #1: stderr all=off uptime,level,tags

Environment Variables:
PATH=C:\Program Files (x86)\Common Files\Intel\Shared Libraries\redist\intel64\compiler;C:\Program Files (x86)\Common Files\Oracle\Java\javapath;C:\WINDOWS\system32;C:\WINDOWS;C:\WINDOWS\System32\Wbem;C:\WINDOWS\System32\WindowsPowerShell\v1.0\;C:\WINDOWS\System32\OpenSSH\;C:\Program Files (x86)\Brackets\command;C:\Users\singh\AppData\Local\Microsoft\WindowsApps;C:\Users\singh\AppData\Local\atom\bin
USERNAME=singh
OS=Windows_NT
PROCESSOR_IDENTIFIER=Intel64 Family 6 Model 142 Stepping 10, GenuineIntel



---------------  S Y S T E M  ---------------

OS: Windows 10 , 64 bit Build 17134 (10.0.17134.1)

CPU:total 8 (initial active 8) (4 cores per cpu, 2 threads per core) family 6 model 142 stepping 10, cmov, cx8, fxsr, mmx, sse, sse2, sse3, ssse3, sse4.1, sse4.2, popcnt, avx, avx2, aes, clmul, erms, 3dnowpref, lzcnt, ht, tsc, tscinvbit, bmi1, bmi2, adx, fma

Memory: 4k page, system-wide physical 8025M (2468M free)
TotalPageFile size 13401M (AvailPageFile size 3639M)
current process WorkingSet (physical memory assigned to process): 39M, peak: 39M
current process commit charge ("private bytes"): 206M, peak: 206M

vm_info: Java HotSpot(TM) 64-Bit Server VM (11.0.1+13-LTS) for windows-amd64 JRE (11.0.1+13-LTS), built on Oct  6 2018 13:20:16 by "mach5one" with MS VC++ 15.5 (VS2017)

END.
