#
# A fatal error has been detected by the Java Runtime Environment:
#
#  Internal Error (t:/workspace/open/src/hotspot/share/oops/generateOopMap.cpp:2164), pid=31868, tid=38040
#  fatal error: Illegal class file encountered. Try running with -Xverify:all in method main
#
# JRE version: Java(TM) SE Runtime Environment (11.0.1+13) (build 11.0.1+13-LTS)
# Java VM: Java HotSpot(TM) 64-Bit Server VM (11.0.1+13-LTS, mixed mode, tiered, compressed oops, g1 gc, windows-amd64)
# No core dump will be written. Minidumps are not enabled by default on client versions of Windows
#
# If you would like to submit a bug report, please visit:
#   http://bugreport.java.com/bugreport/crash.jsp
#

---------------  S U M M A R Y ------------

Command Line: -agentlib:jdwp=transport=dt_socket,address=127.0.0.1:60884,suspend=y,server=n -javaagent:C:\Users\singh\.IdeaIC2018.2\system\captureAgent\debugger-agent.jar=file:/C:/Users/singh/AppData/Local/Temp/capture.props -Dfile.encoding=UTF-8 hoofball

Host: Intel(R) Core(TM) i7-8550U CPU @ 1.80GHz, 8 cores, 7G,  Windows 10 , 64 bit Build 17134 (10.0.17134.1)
Time: Fri Dec  7 18:55:13 2018 Pacific Standard Time elapsed time: 484 seconds (0d 0h 8m 4s)

---------------  T H R E A D  ---------------

Current thread (0x000002434356a800):  VMThread "VM Thread" [stack: 0x0000005cbbe00000,0x0000005cbbf00000] [id=38040]

Stack: [0x0000005cbbe00000,0x0000005cbbf00000]
[error occurred during error reporting (printing stack bounds), id 0xc0000005, EXCEPTION_ACCESS_VIOLATION (0xc0000005) at pc=0x000002432cd40bad]

Native frames: (J=compiled Java code, j=interpreted, Vv=VM code, C=native code)
V  [jvm.dll+0x63c21a]
V  [jvm.dll+0x7797df]
V  [jvm.dll+0x77adca]
V  [jvm.dll+0x77b3e5]
V  [jvm.dll+0x77b39b]
V  [jvm.dll+0x63b916]
V  [jvm.dll+0x63bce8]
C  [ntdll.dll+0x9ed3d]
C  [ntdll.dll+0x6c86]
C  [ntdll.dll+0x9dc6e]
C  0x000002432cd40bad

VM_Operation (0x0000005cbc7ff510): GetOrSetLocal, mode: safepoint, requested by thread 0x000002434405d800


---------------  P R O C E S S  ---------------

Threads class SMR info:
_java_thread_list=0x0000024344003570, length=13, elements={
0x0000024324a12800, 0x0000024343d91800, 0x0000024343d9c800, 0x0000024343df9800,
0x0000024343dfc800, 0x0000024343dfd800, 0x0000024343da9000, 0x0000024343dab000,
0x0000024343f75800, 0x000002434405d800, 0x0000024344033000, 0x0000024344033800,
0x00000243440be000
}

Java Threads: ( => current thread )
  0x0000024324a12800 JavaThread "main" [_thread_blocked, id=36372, stack(0x0000005cbb800000,0x0000005cbb900000)]
  0x0000024343d91800 JavaThread "Reference Handler" daemon [_thread_blocked, id=31444, stack(0x0000005cbbf00000,0x0000005cbc000000)]
  0x0000024343d9c800 JavaThread "Finalizer" daemon [_thread_blocked, id=38928, stack(0x0000005cbc000000,0x0000005cbc100000)]
  0x0000024343df9800 JavaThread "Signal Dispatcher" daemon [_thread_blocked, id=34240, stack(0x0000005cbc100000,0x0000005cbc200000)]
  0x0000024343dfc800 JavaThread "Attach Listener" daemon [_thread_blocked, id=38820, stack(0x0000005cbc200000,0x0000005cbc300000)]
  0x0000024343dfd800 JavaThread "C2 CompilerThread0" daemon [_thread_blocked, id=37152, stack(0x0000005cbc300000,0x0000005cbc400000)]
  0x0000024343da9000 JavaThread "C1 CompilerThread0" daemon [_thread_blocked, id=39088, stack(0x0000005cbc400000,0x0000005cbc500000)]
  0x0000024343dab000 JavaThread "Sweeper thread" daemon [_thread_blocked, id=24560, stack(0x0000005cbc500000,0x0000005cbc600000)]
  0x0000024343f75800 JavaThread "Common-Cleaner" daemon [_thread_blocked, id=39548, stack(0x0000005cbc600000,0x0000005cbc700000)]
  0x000002434405d800 JavaThread "JDWP Transport Listener: dt_socket" daemon [_thread_blocked, id=1520, stack(0x0000005cbc700000,0x0000005cbc800000)] _threads_hazard_ptr=0x0000024344003570
  0x0000024344033000 JavaThread "JDWP Event Helper Thread" daemon [_thread_blocked, id=38668, stack(0x0000005cbc800000,0x0000005cbc900000)]
  0x0000024344033800 JavaThread "JDWP Command Reader" daemon [_thread_in_native, id=15716, stack(0x0000005cbc900000,0x0000005cbca00000)]
  0x00000243440be000 JavaThread "Service Thread" daemon [_thread_blocked, id=37960, stack(0x0000005cbca00000,0x0000005cbcb00000)]

Other Threads:
=>0x000002434356a800 VMThread "VM Thread" [stack: 0x0000005cbbe00000,0x0000005cbbf00000] [id=38040]
  0x000002434405c000 WatcherThread [stack: 0x0000005cbcb00000,0x0000005cbcc00000] [id=37388]
  0x0000024324a2c800 GCTaskThread "GC Thread#0" [stack: 0x0000005cbb900000,0x0000005cbba00000] [id=39224]
  0x0000024324a5d800 ConcurrentGCThread "G1 Main Marker" [stack: 0x0000005cbba00000,0x0000005cbbb00000] [id=38428]
  0x0000024324a5f000 ConcurrentGCThread "G1 Conc#0" [stack: 0x0000005cbbb00000,0x0000005cbbc00000] [id=38904]
  0x0000024324aed800 ConcurrentGCThread "G1 Refine#0" [stack: 0x0000005cbbc00000,0x0000005cbbd00000] [id=30428]
  0x00000243433ce800 ConcurrentGCThread "G1 Young RemSet Sampling" [stack: 0x0000005cbbd00000,0x0000005cbbe00000] [id=35672]

Threads with active compile tasks:

VM state:at safepoint (normal execution)

VM Mutex/Monitor currently owned by a thread:  ([mutex/lock_event])
[0x0000024324a11900] Threads_lock - owner thread: 0x000002434356a800

Heap address: 0x0000000082800000, size: 2008 MB, Compressed Oops mode: 32-bit
Narrow klass base: 0x0000000000000000, Narrow klass shift: 3
Compressed class space size: 1073741824 Address: 0x0000000100000000

Heap:
 garbage-first heap   total 129024K, used 3072K [0x0000000082800000, 0x0000000100000000)
  region size 1024K, 4 young (4096K), 0 survivors (0K)
 Metaspace       used 7470K, capacity 7587K, committed 7680K, reserved 1056768K
  class space    used 661K, capacity 717K, committed 768K, reserved 1048576K
Heap Regions: E=young(eden), S=young(survivor), O=old, HS=humongous(starts), HC=humongous(continues), CS=collection set, F=free, A=archive, TAMS=top-at-mark-start (previous, next)
|   0|0x0000000082800000, 0x0000000082800000, 0x0000000082900000|  0%| F|  |TAMS 0x0000000082800000, 0x0000000082800000| Untracked 
|   1|0x0000000082900000, 0x0000000082900000, 0x0000000082a00000|  0%| F|  |TAMS 0x0000000082900000, 0x0000000082900000| Untracked 
|   2|0x0000000082a00000, 0x0000000082a00000, 0x0000000082b00000|  0%| F|  |TAMS 0x0000000082a00000, 0x0000000082a00000| Untracked 
|   3|0x0000000082b00000, 0x0000000082b00000, 0x0000000082c00000|  0%| F|  |TAMS 0x0000000082b00000, 0x0000000082b00000| Untracked 
|   4|0x0000000082c00000, 0x0000000082c00000, 0x0000000082d00000|  0%| F|  |TAMS 0x0000000082c00000, 0x0000000082c00000| Untracked 
|   5|0x0000000082d00000, 0x0000000082d00000, 0x0000000082e00000|  0%| F|  |TAMS 0x0000000082d00000, 0x0000000082d00000| Untracked 
|   6|0x0000000082e00000, 0x0000000082e00000, 0x0000000082f00000|  0%| F|  |TAMS 0x0000000082e00000, 0x0000000082e00000| Untracked 
|   7|0x0000000082f00000, 0x0000000082f00000, 0x0000000083000000|  0%| F|  |TAMS 0x0000000082f00000, 0x0000000082f00000| Untracked 
|   8|0x0000000083000000, 0x0000000083000000, 0x0000000083100000|  0%| F|  |TAMS 0x0000000083000000, 0x0000000083000000| Untracked 
|   9|0x0000000083100000, 0x0000000083100000, 0x0000000083200000|  0%| F|  |TAMS 0x0000000083100000, 0x0000000083100000| Untracked 
|  10|0x0000000083200000, 0x0000000083200000, 0x0000000083300000|  0%| F|  |TAMS 0x0000000083200000, 0x0000000083200000| Untracked 
|  11|0x0000000083300000, 0x0000000083300000, 0x0000000083400000|  0%| F|  |TAMS 0x0000000083300000, 0x0000000083300000| Untracked 
|  12|0x0000000083400000, 0x0000000083400000, 0x0000000083500000|  0%| F|  |TAMS 0x0000000083400000, 0x0000000083400000| Untracked 
|  13|0x0000000083500000, 0x0000000083500000, 0x0000000083600000|  0%| F|  |TAMS 0x0000000083500000, 0x0000000083500000| Untracked 
|  14|0x0000000083600000, 0x0000000083600000, 0x0000000083700000|  0%| F|  |TAMS 0x0000000083600000, 0x0000000083600000| Untracked 
|  15|0x0000000083700000, 0x0000000083700000, 0x0000000083800000|  0%| F|  |TAMS 0x0000000083700000, 0x0000000083700000| Untracked 
|  16|0x0000000083800000, 0x0000000083800000, 0x0000000083900000|  0%| F|  |TAMS 0x0000000083800000, 0x0000000083800000| Untracked 
|  17|0x0000000083900000, 0x0000000083900000, 0x0000000083a00000|  0%| F|  |TAMS 0x0000000083900000, 0x0000000083900000| Untracked 
|  18|0x0000000083a00000, 0x0000000083a00000, 0x0000000083b00000|  0%| F|  |TAMS 0x0000000083a00000, 0x0000000083a00000| Untracked 
|  19|0x0000000083b00000, 0x0000000083b00000, 0x0000000083c00000|  0%| F|  |TAMS 0x0000000083b00000, 0x0000000083b00000| Untracked 
|  20|0x0000000083c00000, 0x0000000083c00000, 0x0000000083d00000|  0%| F|  |TAMS 0x0000000083c00000, 0x0000000083c00000| Untracked 
|  21|0x0000000083d00000, 0x0000000083d00000, 0x0000000083e00000|  0%| F|  |TAMS 0x0000000083d00000, 0x0000000083d00000| Untracked 
|  22|0x0000000083e00000, 0x0000000083e00000, 0x0000000083f00000|  0%| F|  |TAMS 0x0000000083e00000, 0x0000000083e00000| Untracked 
|  23|0x0000000083f00000, 0x0000000083f00000, 0x0000000084000000|  0%| F|  |TAMS 0x0000000083f00000, 0x0000000083f00000| Untracked 
|  24|0x0000000084000000, 0x0000000084000000, 0x0000000084100000|  0%| F|  |TAMS 0x0000000084000000, 0x0000000084000000| Untracked 
|  25|0x0000000084100000, 0x0000000084100000, 0x0000000084200000|  0%| F|  |TAMS 0x0000000084100000, 0x0000000084100000| Untracked 
|  26|0x0000000084200000, 0x0000000084200000, 0x0000000084300000|  0%| F|  |TAMS 0x0000000084200000, 0x0000000084200000| Untracked 
|  27|0x0000000084300000, 0x0000000084300000, 0x0000000084400000|  0%| F|  |TAMS 0x0000000084300000, 0x0000000084300000| Untracked 
|  28|0x0000000084400000, 0x0000000084400000, 0x0000000084500000|  0%| F|  |TAMS 0x0000000084400000, 0x0000000084400000| Untracked 
|  29|0x0000000084500000, 0x0000000084500000, 0x0000000084600000|  0%| F|  |TAMS 0x0000000084500000, 0x0000000084500000| Untracked 
|  30|0x0000000084600000, 0x0000000084600000, 0x0000000084700000|  0%| F|  |TAMS 0x0000000084600000, 0x0000000084600000| Untracked 
|  31|0x0000000084700000, 0x0000000084700000, 0x0000000084800000|  0%| F|  |TAMS 0x0000000084700000, 0x0000000084700000| Untracked 
|  32|0x0000000084800000, 0x0000000084800000, 0x0000000084900000|  0%| F|  |TAMS 0x0000000084800000, 0x0000000084800000| Untracked 
|  33|0x0000000084900000, 0x0000000084900000, 0x0000000084a00000|  0%| F|  |TAMS 0x0000000084900000, 0x0000000084900000| Untracked 
|  34|0x0000000084a00000, 0x0000000084a00000, 0x0000000084b00000|  0%| F|  |TAMS 0x0000000084a00000, 0x0000000084a00000| Untracked 
|  35|0x0000000084b00000, 0x0000000084b00000, 0x0000000084c00000|  0%| F|  |TAMS 0x0000000084b00000, 0x0000000084b00000| Untracked 
|  36|0x0000000084c00000, 0x0000000084c00000, 0x0000000084d00000|  0%| F|  |TAMS 0x0000000084c00000, 0x0000000084c00000| Untracked 
|  37|0x0000000084d00000, 0x0000000084d00000, 0x0000000084e00000|  0%| F|  |TAMS 0x0000000084d00000, 0x0000000084d00000| Untracked 
|  38|0x0000000084e00000, 0x0000000084e00000, 0x0000000084f00000|  0%| F|  |TAMS 0x0000000084e00000, 0x0000000084e00000| Untracked 
|  39|0x0000000084f00000, 0x0000000084f00000, 0x0000000085000000|  0%| F|  |TAMS 0x0000000084f00000, 0x0000000084f00000| Untracked 
|  40|0x0000000085000000, 0x0000000085000000, 0x0000000085100000|  0%| F|  |TAMS 0x0000000085000000, 0x0000000085000000| Untracked 
|  41|0x0000000085100000, 0x0000000085100000, 0x0000000085200000|  0%| F|  |TAMS 0x0000000085100000, 0x0000000085100000| Untracked 
|  42|0x0000000085200000, 0x0000000085200000, 0x0000000085300000|  0%| F|  |TAMS 0x0000000085200000, 0x0000000085200000| Untracked 
|  43|0x0000000085300000, 0x0000000085300000, 0x0000000085400000|  0%| F|  |TAMS 0x0000000085300000, 0x0000000085300000| Untracked 
|  44|0x0000000085400000, 0x0000000085400000, 0x0000000085500000|  0%| F|  |TAMS 0x0000000085400000, 0x0000000085400000| Untracked 
|  45|0x0000000085500000, 0x0000000085500000, 0x0000000085600000|  0%| F|  |TAMS 0x0000000085500000, 0x0000000085500000| Untracked 
|  46|0x0000000085600000, 0x0000000085600000, 0x0000000085700000|  0%| F|  |TAMS 0x0000000085600000, 0x0000000085600000| Untracked 
|  47|0x0000000085700000, 0x0000000085700000, 0x0000000085800000|  0%| F|  |TAMS 0x0000000085700000, 0x0000000085700000| Untracked 
|  48|0x0000000085800000, 0x0000000085800000, 0x0000000085900000|  0%| F|  |TAMS 0x0000000085800000, 0x0000000085800000| Untracked 
|  49|0x0000000085900000, 0x0000000085900000, 0x0000000085a00000|  0%| F|  |TAMS 0x0000000085900000, 0x0000000085900000| Untracked 
|  50|0x0000000085a00000, 0x0000000085a00000, 0x0000000085b00000|  0%| F|  |TAMS 0x0000000085a00000, 0x0000000085a00000| Untracked 
|  51|0x0000000085b00000, 0x0000000085b00000, 0x0000000085c00000|  0%| F|  |TAMS 0x0000000085b00000, 0x0000000085b00000| Untracked 
|  52|0x0000000085c00000, 0x0000000085c00000, 0x0000000085d00000|  0%| F|  |TAMS 0x0000000085c00000, 0x0000000085c00000| Untracked 
|  53|0x0000000085d00000, 0x0000000085d00000, 0x0000000085e00000|  0%| F|  |TAMS 0x0000000085d00000, 0x0000000085d00000| Untracked 
|  54|0x0000000085e00000, 0x0000000085e00000, 0x0000000085f00000|  0%| F|  |TAMS 0x0000000085e00000, 0x0000000085e00000| Untracked 
|  55|0x0000000085f00000, 0x0000000085f00000, 0x0000000086000000|  0%| F|  |TAMS 0x0000000085f00000, 0x0000000085f00000| Untracked 
|  56|0x0000000086000000, 0x0000000086000000, 0x0000000086100000|  0%| F|  |TAMS 0x0000000086000000, 0x0000000086000000| Untracked 
|  57|0x0000000086100000, 0x0000000086100000, 0x0000000086200000|  0%| F|  |TAMS 0x0000000086100000, 0x0000000086100000| Untracked 
|  58|0x0000000086200000, 0x0000000086200000, 0x0000000086300000|  0%| F|  |TAMS 0x0000000086200000, 0x0000000086200000| Untracked 
|  59|0x0000000086300000, 0x0000000086300000, 0x0000000086400000|  0%| F|  |TAMS 0x0000000086300000, 0x0000000086300000| Untracked 
|  60|0x0000000086400000, 0x0000000086400000, 0x0000000086500000|  0%| F|  |TAMS 0x0000000086400000, 0x0000000086400000| Untracked 
|  61|0x0000000086500000, 0x0000000086500000, 0x0000000086600000|  0%| F|  |TAMS 0x0000000086500000, 0x0000000086500000| Untracked 
|  62|0x0000000086600000, 0x0000000086600000, 0x0000000086700000|  0%| F|  |TAMS 0x0000000086600000, 0x0000000086600000| Untracked 
|  63|0x0000000086700000, 0x0000000086700000, 0x0000000086800000|  0%| F|  |TAMS 0x0000000086700000, 0x0000000086700000| Untracked 
|  64|0x0000000086800000, 0x0000000086800000, 0x0000000086900000|  0%| F|  |TAMS 0x0000000086800000, 0x0000000086800000| Untracked 
|  65|0x0000000086900000, 0x0000000086900000, 0x0000000086a00000|  0%| F|  |TAMS 0x0000000086900000, 0x0000000086900000| Untracked 
|  66|0x0000000086a00000, 0x0000000086a00000, 0x0000000086b00000|  0%| F|  |TAMS 0x0000000086a00000, 0x0000000086a00000| Untracked 
|  67|0x0000000086b00000, 0x0000000086b00000, 0x0000000086c00000|  0%| F|  |TAMS 0x0000000086b00000, 0x0000000086b00000| Untracked 
|  68|0x0000000086c00000, 0x0000000086c00000, 0x0000000086d00000|  0%| F|  |TAMS 0x0000000086c00000, 0x0000000086c00000| Untracked 
|  69|0x0000000086d00000, 0x0000000086d00000, 0x0000000086e00000|  0%| F|  |TAMS 0x0000000086d00000, 0x0000000086d00000| Untracked 
|  70|0x0000000086e00000, 0x0000000086e00000, 0x0000000086f00000|  0%| F|  |TAMS 0x0000000086e00000, 0x0000000086e00000| Untracked 
|  71|0x0000000086f00000, 0x0000000086f00000, 0x0000000087000000|  0%| F|  |TAMS 0x0000000086f00000, 0x0000000086f00000| Untracked 
|  72|0x0000000087000000, 0x0000000087000000, 0x0000000087100000|  0%| F|  |TAMS 0x0000000087000000, 0x0000000087000000| Untracked 
|  73|0x0000000087100000, 0x0000000087100000, 0x0000000087200000|  0%| F|  |TAMS 0x0000000087100000, 0x0000000087100000| Untracked 
|  74|0x0000000087200000, 0x0000000087200000, 0x0000000087300000|  0%| F|  |TAMS 0x0000000087200000, 0x0000000087200000| Untracked 
|  75|0x0000000087300000, 0x0000000087300000, 0x0000000087400000|  0%| F|  |TAMS 0x0000000087300000, 0x0000000087300000| Untracked 
|  76|0x0000000087400000, 0x0000000087400000, 0x0000000087500000|  0%| F|  |TAMS 0x0000000087400000, 0x0000000087400000| Untracked 
|  77|0x0000000087500000, 0x0000000087500000, 0x0000000087600000|  0%| F|  |TAMS 0x0000000087500000, 0x0000000087500000| Untracked 
|  78|0x0000000087600000, 0x0000000087600000, 0x0000000087700000|  0%| F|  |TAMS 0x0000000087600000, 0x0000000087600000| Untracked 
|  79|0x0000000087700000, 0x0000000087700000, 0x0000000087800000|  0%| F|  |TAMS 0x0000000087700000, 0x0000000087700000| Untracked 
|  80|0x0000000087800000, 0x0000000087800000, 0x0000000087900000|  0%| F|  |TAMS 0x0000000087800000, 0x0000000087800000| Untracked 
|  81|0x0000000087900000, 0x0000000087900000, 0x0000000087a00000|  0%| F|  |TAMS 0x0000000087900000, 0x0000000087900000| Untracked 
|  82|0x0000000087a00000, 0x0000000087a00000, 0x0000000087b00000|  0%| F|  |TAMS 0x0000000087a00000, 0x0000000087a00000| Untracked 
|  83|0x0000000087b00000, 0x0000000087b00000, 0x0000000087c00000|  0%| F|  |TAMS 0x0000000087b00000, 0x0000000087b00000| Untracked 
|  84|0x0000000087c00000, 0x0000000087c00000, 0x0000000087d00000|  0%| F|  |TAMS 0x0000000087c00000, 0x0000000087c00000| Untracked 
|  85|0x0000000087d00000, 0x0000000087d00000, 0x0000000087e00000|  0%| F|  |TAMS 0x0000000087d00000, 0x0000000087d00000| Untracked 
|  86|0x0000000087e00000, 0x0000000087e00000, 0x0000000087f00000|  0%| F|  |TAMS 0x0000000087e00000, 0x0000000087e00000| Untracked 
|  87|0x0000000087f00000, 0x0000000087f00000, 0x0000000088000000|  0%| F|  |TAMS 0x0000000087f00000, 0x0000000087f00000| Untracked 
|  88|0x0000000088000000, 0x0000000088000000, 0x0000000088100000|  0%| F|  |TAMS 0x0000000088000000, 0x0000000088000000| Untracked 
|  89|0x0000000088100000, 0x0000000088100000, 0x0000000088200000|  0%| F|  |TAMS 0x0000000088100000, 0x0000000088100000| Untracked 
|  90|0x0000000088200000, 0x0000000088200000, 0x0000000088300000|  0%| F|  |TAMS 0x0000000088200000, 0x0000000088200000| Untracked 
|  91|0x0000000088300000, 0x0000000088300000, 0x0000000088400000|  0%| F|  |TAMS 0x0000000088300000, 0x0000000088300000| Untracked 
|  92|0x0000000088400000, 0x0000000088400000, 0x0000000088500000|  0%| F|  |TAMS 0x0000000088400000, 0x0000000088400000| Untracked 
|  93|0x0000000088500000, 0x0000000088500000, 0x0000000088600000|  0%| F|  |TAMS 0x0000000088500000, 0x0000000088500000| Untracked 
|  94|0x0000000088600000, 0x0000000088600000, 0x0000000088700000|  0%| F|  |TAMS 0x0000000088600000, 0x0000000088600000| Untracked 
|  95|0x0000000088700000, 0x0000000088700000, 0x0000000088800000|  0%| F|  |TAMS 0x0000000088700000, 0x0000000088700000| Untracked 
|  96|0x0000000088800000, 0x0000000088800000, 0x0000000088900000|  0%| F|  |TAMS 0x0000000088800000, 0x0000000088800000| Untracked 
|  97|0x0000000088900000, 0x0000000088900000, 0x0000000088a00000|  0%| F|  |TAMS 0x0000000088900000, 0x0000000088900000| Untracked 
|  98|0x0000000088a00000, 0x0000000088a00000, 0x0000000088b00000|  0%| F|  |TAMS 0x0000000088a00000, 0x0000000088a00000| Untracked 
|  99|0x0000000088b00000, 0x0000000088b00000, 0x0000000088c00000|  0%| F|  |TAMS 0x0000000088b00000, 0x0000000088b00000| Untracked 
| 100|0x0000000088c00000, 0x0000000088c00000, 0x0000000088d00000|  0%| F|  |TAMS 0x0000000088c00000, 0x0000000088c00000| Untracked 
| 101|0x0000000088d00000, 0x0000000088d00000, 0x0000000088e00000|  0%| F|  |TAMS 0x0000000088d00000, 0x0000000088d00000| Untracked 
| 102|0x0000000088e00000, 0x0000000088e00000, 0x0000000088f00000|  0%| F|  |TAMS 0x0000000088e00000, 0x0000000088e00000| Untracked 
| 103|0x0000000088f00000, 0x0000000088f00000, 0x0000000089000000|  0%| F|  |TAMS 0x0000000088f00000, 0x0000000088f00000| Untracked 
| 104|0x0000000089000000, 0x0000000089000000, 0x0000000089100000|  0%| F|  |TAMS 0x0000000089000000, 0x0000000089000000| Untracked 
| 105|0x0000000089100000, 0x0000000089100000, 0x0000000089200000|  0%| F|  |TAMS 0x0000000089100000, 0x0000000089100000| Untracked 
| 106|0x0000000089200000, 0x0000000089200000, 0x0000000089300000|  0%| F|  |TAMS 0x0000000089200000, 0x0000000089200000| Untracked 
| 107|0x0000000089300000, 0x0000000089300000, 0x0000000089400000|  0%| F|  |TAMS 0x0000000089300000, 0x0000000089300000| Untracked 
| 108|0x0000000089400000, 0x0000000089400000, 0x0000000089500000|  0%| F|  |TAMS 0x0000000089400000, 0x0000000089400000| Untracked 
| 109|0x0000000089500000, 0x0000000089500000, 0x0000000089600000|  0%| F|  |TAMS 0x0000000089500000, 0x0000000089500000| Untracked 
| 110|0x0000000089600000, 0x0000000089600000, 0x0000000089700000|  0%| F|  |TAMS 0x0000000089600000, 0x0000000089600000| Untracked 
| 111|0x0000000089700000, 0x0000000089700000, 0x0000000089800000|  0%| F|  |TAMS 0x0000000089700000, 0x0000000089700000| Untracked 
| 112|0x0000000089800000, 0x0000000089800000, 0x0000000089900000|  0%| F|  |TAMS 0x0000000089800000, 0x0000000089800000| Untracked 
| 113|0x0000000089900000, 0x0000000089900000, 0x0000000089a00000|  0%| F|  |TAMS 0x0000000089900000, 0x0000000089900000| Untracked 
| 114|0x0000000089a00000, 0x0000000089a00000, 0x0000000089b00000|  0%| F|  |TAMS 0x0000000089a00000, 0x0000000089a00000| Untracked 
| 115|0x0000000089b00000, 0x0000000089b00000, 0x0000000089c00000|  0%| F|  |TAMS 0x0000000089b00000, 0x0000000089b00000| Untracked 
| 116|0x0000000089c00000, 0x0000000089c00000, 0x0000000089d00000|  0%| F|  |TAMS 0x0000000089c00000, 0x0000000089c00000| Untracked 
| 117|0x0000000089d00000, 0x0000000089d00000, 0x0000000089e00000|  0%| F|  |TAMS 0x0000000089d00000, 0x0000000089d00000| Untracked 
| 118|0x0000000089e00000, 0x0000000089e00000, 0x0000000089f00000|  0%| F|  |TAMS 0x0000000089e00000, 0x0000000089e00000| Untracked 
| 119|0x0000000089f00000, 0x0000000089f00000, 0x000000008a000000|  0%| F|  |TAMS 0x0000000089f00000, 0x0000000089f00000| Untracked 
| 120|0x000000008a000000, 0x000000008a000000, 0x000000008a100000|  0%| F|  |TAMS 0x000000008a000000, 0x000000008a000000| Untracked 
| 121|0x000000008a100000, 0x000000008a100000, 0x000000008a200000|  0%| F|  |TAMS 0x000000008a100000, 0x000000008a100000| Untracked 
| 122|0x000000008a200000, 0x000000008a2f7be0, 0x000000008a300000| 96%| E|  |TAMS 0x000000008a200000, 0x000000008a200000| Complete 
| 123|0x000000008a300000, 0x000000008a400000, 0x000000008a400000|100%| E|CS|TAMS 0x000000008a300000, 0x000000008a300000| Complete 
| 124|0x000000008a400000, 0x000000008a500000, 0x000000008a500000|100%| E|CS|TAMS 0x000000008a400000, 0x000000008a400000| Complete 
| 125|0x000000008a500000, 0x000000008a600000, 0x000000008a600000|100%| E|CS|TAMS 0x000000008a500000, 0x000000008a500000| Complete 

Card table byte_map: [0x000002433c470000,0x000002433c860000] _byte_map_base: 0x000002433c05c000

Marking Bits (Prev, Next): (CMBitMap*) 0x0000024324a551c8, (CMBitMap*) 0x0000024324a55200
 Prev Bits: [0x000002433cc50000, 0x000002433ebb0000)
 Next Bits: [0x000002433ebb0000, 0x0000024340b10000)

Polling page: 0x0000024322890000

Metaspace:

Usage:
  Non-class:      6.71 MB capacity,     6.65 MB (>99%) used,    54.20 KB ( <1%) free+waste,     6.38 KB ( <1%) overhead. 
      Class:    717.00 KB capacity,   661.32 KB ( 92%) used,    52.80 KB (  7%) free+waste,     2.88 KB ( <1%) overhead. 
       Both:      7.41 MB capacity,     7.30 MB ( 98%) used,   107.00 KB (  1%) free+waste,     9.25 KB ( <1%) overhead. 

Virtual space:
  Non-class space:        8.00 MB reserved,       6.75 MB ( 84%) committed 
      Class space:        1.00 GB reserved,     768.00 KB ( <1%) committed 
             Both:        1.01 GB reserved,       7.50 MB ( <1%) committed 

Chunk freelists:
   Non-Class:  5.25 KB
       Class:  2.38 KB
        Both:  7.63 KB

CodeHeap 'non-profiled nmethods': size=120000Kb used=86Kb max_used=86Kb free=119913Kb
 bounds [0x0000024334810000, 0x0000024334a80000, 0x000002433bd40000]
CodeHeap 'profiled nmethods': size=120000Kb used=347Kb max_used=347Kb free=119652Kb
 bounds [0x000002432d2e0000, 0x000002432d550000, 0x0000024334810000]
CodeHeap 'non-nmethods': size=5760Kb used=1142Kb max_used=1153Kb free=4617Kb
 bounds [0x000002432cd40000, 0x000002432cfb0000, 0x000002432d2e0000]
 total_blobs=707 nmethods=278 adapters=270
 compilation: enabled
              stopped_count=0, restarted_count=0
 full_count=0

Compilation events (10 events):
Event: 0.360 Thread 0x0000024343da9000  273       3       java.util.regex.ASCII::isAscii (13 bytes)
Event: 0.361 Thread 0x0000024343da9000 nmethod 273 0x000002432d336090 code [0x000002432d336240, 0x000002432d3363d8]
Event: 0.361 Thread 0x0000024343da9000  276       3       java.util.regex.Pattern::next (33 bytes)
Event: 0.361 Thread 0x0000024343da9000 nmethod 276 0x000002432d336490 code [0x000002432d336660, 0x000002432d336950]
Event: 0.361 Thread 0x0000024343da9000  275       1       java.util.ArrayList::size (5 bytes)
Event: 0.361 Thread 0x0000024343da9000 nmethod 275 0x0000024334825210 code [0x00000243348253c0, 0x00000243348254d8]
Event: 0.362 Thread 0x0000024343da9000  277       1       java.nio.Buffer::position (5 bytes)
Event: 0.362 Thread 0x0000024343da9000 nmethod 277 0x0000024334825590 code [0x0000024334825740, 0x0000024334825858]
Event: 0.420 Thread 0x0000024343da9000  278       3       java.lang.StringUTF16::putChar (54 bytes)
Event: 0.420 Thread 0x0000024343da9000 nmethod 278 0x000002432d336a90 code [0x000002432d336c40, 0x000002432d336df8]

GC Heap History (0 events):
No events

Deoptimization events (1 events):
Event: 0.320 Thread 0x0000024324a12800 Uncommon trap: reason=unstable_if action=reinterpret pc=0x000002433481f178 method=java.lang.String.isLatin1()Z @ 10 c2

Classes redefined (2 events):
Event: 320.164 Thread 0x000002434356a800 redefined class name=hoofball, count=1
Event: 484.258 Thread 0x000002434356a800 redefined class name=hoofball, count=2

Internal exceptions (1 events):
Event: 0.331 Thread 0x0000024324a12800 Exception <a 'java/lang/NoSuchMethodError'{0x000000008a386b68}: java.lang.invoke.DirectMethodHandle$Holder.invokeSpecialIFC(Ljava/lang/Object;Ljava/lang/Object;I)I> (0x000000008a386b68) thrown at [t:/workspace/open/src/hotspot/share/interpreter/linkResolv

Events (10 events):
Event: 484.259 Executing VM operation: RedefineClasses done
Event: 484.259 Executing VM operation: GetFrameCount
Event: 484.260 Executing VM operation: GetFrameCount done
Event: 484.260 Executing VM operation: GetFrameCount
Event: 484.260 Executing VM operation: GetFrameCount done
Event: 484.260 Executing VM operation: GetStackTrace
Event: 484.260 Executing VM operation: GetStackTrace done
Event: 484.339 Executing VM operation: ChangeBreakpoints
Event: 484.339 Executing VM operation: ChangeBreakpoints done
Event: 484.341 Executing VM operation: GetOrSetLocal


Dynamic libraries:
0x00007ff6f3d30000 - 0x00007ff6f3d77000 	C:\Program Files\Java\jdk-11.0.1\bin\java.exe
0x00007ff9d8a90000 - 0x00007ff9d8c71000 	C:\WINDOWS\SYSTEM32\ntdll.dll
0x00007ff9d62f0000 - 0x00007ff9d63a2000 	C:\WINDOWS\System32\KERNEL32.DLL
0x00007ff9d4fc0000 - 0x00007ff9d5233000 	C:\WINDOWS\System32\KERNELBASE.dll
0x00007ff9d63c0000 - 0x00007ff9d6461000 	C:\WINDOWS\System32\ADVAPI32.dll
0x00007ff9d6de0000 - 0x00007ff9d6e7e000 	C:\WINDOWS\System32\msvcrt.dll
0x00007ff9d88c0000 - 0x00007ff9d891b000 	C:\WINDOWS\System32\sechost.dll
0x00007ff9d8920000 - 0x00007ff9d8a44000 	C:\WINDOWS\System32\RPCRT4.dll
0x00007ff9d72d0000 - 0x00007ff9d7460000 	C:\WINDOWS\System32\USER32.dll
0x00007ff9d5de0000 - 0x00007ff9d5e00000 	C:\WINDOWS\System32\win32u.dll
0x00007ff9d6c30000 - 0x00007ff9d6c58000 	C:\WINDOWS\System32\GDI32.dll
0x00007ff9d5b40000 - 0x00007ff9d5cd2000 	C:\WINDOWS\System32\gdi32full.dll
0x00007ff9d5e80000 - 0x00007ff9d5f1f000 	C:\WINDOWS\System32\msvcp_win.dll
0x00007ff9d5ce0000 - 0x00007ff9d5dda000 	C:\WINDOWS\System32\ucrtbase.dll
0x00007ff9bdfe0000 - 0x00007ff9be249000 	C:\WINDOWS\WinSxS\amd64_microsoft.windows.common-controls_6595b64144ccf1df_6.0.17134.407_none_fb449d63306391e9\COMCTL32.dll
0x00007ff9c40d0000 - 0x00007ff9c40da000 	C:\WINDOWS\SYSTEM32\VERSION.dll
0x00007ff9d6750000 - 0x00007ff9d6a72000 	C:\WINDOWS\System32\combase.dll
0x00007ff9d5e00000 - 0x00007ff9d5e7a000 	C:\WINDOWS\System32\bcryptPrimitives.dll
0x00007ff9d6a80000 - 0x00007ff9d6aad000 	C:\WINDOWS\System32\IMM32.DLL
0x00007ff9ce960000 - 0x00007ff9ce976000 	C:\Program Files\Java\jdk-11.0.1\bin\vcruntime140.dll
0x00007ff9b0c10000 - 0x00007ff9b0cba000 	C:\Program Files\Java\jdk-11.0.1\bin\msvcp140.dll
0x00007ff96aff0000 - 0x00007ff96bb32000 	C:\Program Files\Java\jdk-11.0.1\bin\server\jvm.dll
0x00007ff9d8a50000 - 0x00007ff9d8a58000 	C:\WINDOWS\System32\PSAPI.DLL
0x00007ff9bdc30000 - 0x00007ff9bdc39000 	C:\WINDOWS\SYSTEM32\WSOCK32.dll
0x00007ff9d6470000 - 0x00007ff9d64dc000 	C:\WINDOWS\System32\WS2_32.dll
0x00007ff9d2910000 - 0x00007ff9d2933000 	C:\WINDOWS\SYSTEM32\WINMM.dll
0x00007ff9d24c0000 - 0x00007ff9d24ea000 	C:\WINDOWS\SYSTEM32\WINMMBASE.dll
0x00007ff9d4f70000 - 0x00007ff9d4fb9000 	C:\WINDOWS\System32\cfgmgr32.dll
0x00007ff9d4e00000 - 0x00007ff9d4e11000 	C:\WINDOWS\System32\kernel.appcore.dll
0x00007ff9ce8e0000 - 0x00007ff9ce8f1000 	C:\Program Files\Java\jdk-11.0.1\bin\verify.dll
0x00007ff9d37f0000 - 0x00007ff9d39b9000 	C:\WINDOWS\SYSTEM32\DBGHELP.DLL
0x00007ff9bc950000 - 0x00007ff9bc979000 	C:\WINDOWS\SYSTEM32\dbgcore.DLL
0x00007ff9cdcc0000 - 0x00007ff9cdce9000 	C:\Program Files\Java\jdk-11.0.1\bin\java.dll
0x00007ff9c5290000 - 0x00007ff9c52c7000 	C:\Program Files\Java\jdk-11.0.1\bin\jdwp.dll
0x00007ff9c7ea0000 - 0x00007ff9c7ecf000 	C:\Program Files\Java\jdk-11.0.1\bin\instrument.dll
0x00007ff9cdd80000 - 0x00007ff9cdd96000 	C:\Program Files\Java\jdk-11.0.1\bin\zip.dll
0x00007ff9ce940000 - 0x00007ff9ce94a000 	C:\Program Files\Java\jdk-11.0.1\bin\jimage.dll
0x00007ff9d7480000 - 0x00007ff9d88bf000 	C:\WINDOWS\System32\SHELL32.dll
0x00007ff9d6cd0000 - 0x00007ff9d6d79000 	C:\WINDOWS\System32\shcore.dll
0x00007ff9d5430000 - 0x00007ff9d5b3d000 	C:\WINDOWS\System32\windows.storage.dll
0x00007ff9d6560000 - 0x00007ff9d65b1000 	C:\WINDOWS\System32\shlwapi.dll
0x00007ff9d4e40000 - 0x00007ff9d4e5f000 	C:\WINDOWS\System32\profapi.dll
0x00007ff9d4da0000 - 0x00007ff9d4dec000 	C:\WINDOWS\System32\powrprof.dll
0x00007ff9d4df0000 - 0x00007ff9d4dfa000 	C:\WINDOWS\System32\FLTLIB.DLL
0x00007ff9c65e0000 - 0x00007ff9c65ea000 	C:\Program Files\Java\jdk-11.0.1\bin\dt_socket.dll
0x00007ff9d4620000 - 0x00007ff9d4686000 	C:\WINDOWS\system32\mswsock.dll
0x00007ff9c52f0000 - 0x00007ff9c5309000 	C:\Program Files\Java\jdk-11.0.1\bin\net.dll
0x00007ff9cdab0000 - 0x00007ff9cdb8c000 	C:\WINDOWS\SYSTEM32\WINHTTP.dll
0x00007ff9c5170000 - 0x00007ff9c5183000 	C:\Program Files\Java\jdk-11.0.1\bin\nio.dll

dbghelp: loaded successfully - version: 4.0.5 - missing functions: none
symbol engine: initialized successfully - sym options: 0x614 - pdb path: .;C:\Program Files\Java\jdk-11.0.1\bin;C:\WINDOWS\SYSTEM32;C:\WINDOWS\WinSxS\amd64_microsoft.windows.common-controls_6595b64144ccf1df_6.0.17134.407_none_fb449d63306391e9;C:\Program Files\Java\jdk-11.0.1\bin\server

VM Arguments:
jvm_args: -agentlib:jdwp=transport=dt_socket,address=127.0.0.1:60884,suspend=y,server=n -javaagent:C:\Users\singh\.IdeaIC2018.2\system\captureAgent\debugger-agent.jar=file:/C:/Users/singh/AppData/Local/Temp/capture.props -Dfile.encoding=UTF-8 
java_command: hoofball
java_class_path (initial): C:\Users\singh\IdeaProjects\USACO\out\production\USACO;C:\Program Files\JetBrains\IntelliJ IDEA Community Edition 2018.2.5\lib\idea_rt.jar
Launcher Type: SUN_STANDARD

[Global flags]
     intx CICompilerCount                          = 4                                         {product} {ergonomic}
     uint ConcGCThreads                            = 2                                         {product} {ergonomic}
     uint G1ConcRefinementThreads                  = 8                                         {product} {ergonomic}
   size_t G1HeapRegionSize                         = 1048576                                   {product} {ergonomic}
    uintx GCDrainStackTargetSize                   = 64                                        {product} {ergonomic}
   size_t InitialHeapSize                          = 132120576                                 {product} {ergonomic}
   size_t MarkStackSize                            = 4194304                                   {product} {ergonomic}
   size_t MaxHeapSize                              = 2105540608                                {product} {ergonomic}
   size_t MaxNewSize                               = 1262485504                                {product} {ergonomic}
   size_t MinHeapDeltaBytes                        = 1048576                                   {product} {ergonomic}
    uintx NonNMethodCodeHeapSize                   = 5835340                                {pd product} {ergonomic}
    uintx NonProfiledCodeHeapSize                  = 122911450                              {pd product} {ergonomic}
    uintx ProfiledCodeHeapSize                     = 122911450                              {pd product} {ergonomic}
    uintx ReservedCodeCacheSize                    = 251658240                              {pd product} {ergonomic}
     bool SegmentedCodeCache                       = true                                      {product} {ergonomic}
     bool UseCompressedClassPointers               = true                                 {lp64_product} {ergonomic}
     bool UseCompressedOops                        = true                                 {lp64_product} {ergonomic}
     bool UseG1GC                                  = true                                      {product} {ergonomic}
     bool UseLargePagesIndividualAllocation        = false                                  {pd product} {ergonomic}

Logging:
Log output configuration:
 #0: stdout all=warning uptime,level,tags
 #1: stderr all=off uptime,level,tags

Environment Variables:
PATH=C:\Program Files (x86)\Common Files\Intel\Shared Libraries\redist\intel64\compiler;C:\Program Files (x86)\Common Files\Oracle\Java\javapath;C:\WINDOWS\system32;C:\WINDOWS;C:\WINDOWS\System32\Wbem;C:\WINDOWS\System32\WindowsPowerShell\v1.0\;C:\WINDOWS\System32\OpenSSH\;C:\Program Files (x86)\Brackets\command;C:\Users\singh\AppData\Local\Microsoft\WindowsApps;C:\Users\singh\AppData\Local\atom\bin
USERNAME=singh
OS=Windows_NT
PROCESSOR_IDENTIFIER=Intel64 Family 6 Model 142 Stepping 10, GenuineIntel



---------------  S Y S T E M  ---------------

OS: Windows 10 , 64 bit Build 17134 (10.0.17134.1)

CPU:total 8 (initial active 8) (4 cores per cpu, 2 threads per core) family 6 model 142 stepping 10, cmov, cx8, fxsr, mmx, sse, sse2, sse3, ssse3, sse4.1, sse4.2, popcnt, avx, avx2, aes, clmul, erms, 3dnowpref, lzcnt, ht, tsc, tscinvbit, bmi1, bmi2, adx, fma

Memory: 4k page, system-wide physical 8025M (2072M free)
TotalPageFile size 13401M (AvailPageFile size 2834M)
current process WorkingSet (physical memory assigned to process): 38M, peak: 39M
current process commit charge ("private bytes"): 205M, peak: 206M

vm_info: Java HotSpot(TM) 64-Bit Server VM (11.0.1+13-LTS) for windows-amd64 JRE (11.0.1+13-LTS), built on Oct  6 2018 13:20:16 by "mach5one" with MS VC++ 15.5 (VS2017)

END.
